__main__: None -> <Module __main__ /Users/samuel/Downloads/pyinstaller-1.5.1/support/_mountzlib.py imports=[('archive', 0, 0, -1), ('iu', 0, 0, -1), ('sys', 0, 0, -1)] binaries=[] datas=[]>
archive: None -> <Module archive /Users/samuel/Downloads/pyinstaller-1.5.1/archive.pyc imports=[('marshal', 0, 0, -1), ('struct', 0, 0, -1), ('imp', 0, 0, -1), ('sys', 0, 0, -1), ('iu', 0, 0, -1), ('imp', 1, 0, -1), ('os', 1, 1, -1), ('zlib', 1, 1, -1), ('AES', 1, 1, -1), ('os', 1, 1, -1)] binaries=[] datas=[]>
iu: None -> <Module iu /Users/samuel/Downloads/pyinstaller-1.5.1/iu.pyc imports=[('sys', 0, 0, -1), ('imp', 0, 0, -1), ('marshal', 0, 0, -1), ('zipimport', 0, 0, -1), ('win32api', 1, 0, -1), ('__builtin__', 1, 0, -1), ('posix', 1, 1, -1), ('posix.stat', 1, 1, -1), ('posix.getcwd', 1, 1, -1), ('posix.environ', 1, 1, -1), ('posix.listdir', 1, 1, -1), ('nt', 1, 1, -1), ('nt.stat', 1, 1, -1), ('nt.getcwd', 1, 1, -1), ('nt.environ', 1, 1, -1), ('nt.listdir', 1, 1, -1), ('dos', 1, 1, -1), ('dos.stat', 1, 1, -1), ('dos.getcwd', 1, 1, -1), ('dos.environ', 1, 1, -1), ('dos.listdir', 1, 1, -1), ('os2', 1, 1, -1), ('os2.stat', 1, 1, -1), ('os2.getcwd', 1, 1, -1), ('os2.environ', 1, 1, -1), ('os2.listdir', 1, 1, -1), ('mac', 1, 1, -1), ('mac.stat', 1, 1, -1), ('mac.getcwd', 1, 1, -1), ('mac.environ', 1, 1, -1), ('mac.listdir', 1, 1, -1)] binaries=[] datas=[]>
sys: None -> <Module sys None imports=[] binaries=[] datas=[]>
marshal: None -> <Module marshal None imports=[] binaries=[] datas=[]>
struct: None -> <Module struct /System/Library/Frameworks/Python.framework/Versions/2.7/lib/python2.7/struct.pyc imports=[('_struct', 0, 0, -1), ('_struct.*', 0, 0, -1), ('_struct', 0, 0, -1), ('_struct._clearcache', 0, 0, -1), ('_struct', 0, 0, -1), ('_struct.__doc__', 0, 0, -1)] binaries=[] datas=[]>
imp: None -> <Module imp None imports=[] binaries=[] datas=[]>
os: None -> <Module os /System/Library/Frameworks/Python.framework/Versions/2.7/lib/python2.7/os.pyc imports=[('sys', 0, 0, -1), ('errno', 0, 0, -1), ('posix', 0, 1, -1), ('posix.*', 0, 1, -1), ('posix', 0, 1, -1), ('posix._exit', 0, 1, -1), ('posixpath', 0, 1, -1), ('posix', 0, 1, -1), ('nt', 0, 1, -1), ('nt.*', 0, 1, -1), ('nt', 0, 1, -1), ('nt._exit', 0, 1, -1), ('ntpath', 0, 1, -1), ('nt', 0, 1, -1), ('os2', 0, 1, -1), ('os2.*', 0, 1, -1), ('os2', 0, 1, -1), ('os2._exit', 0, 1, -1), ('ntpath', 0, 1, -1), ('os2emxpath', 0, 1, -1), ('_emx_link', 0, 1, -1), ('_emx_link.link', 0, 1, -1), ('os2', 0, 1, -1), ('ce', 0, 1, -1), ('ce.*', 0, 1, -1), ('ce', 0, 1, -1), ('ce._exit', 0, 1, -1), ('ntpath', 0, 1, -1), ('ce', 0, 1, -1), ('riscos', 0, 1, -1), ('riscos.*', 0, 1, -1), ('riscos', 0, 1, -1), ('riscos._exit', 0, 1, -1), ('riscospath', 0, 1, -1), ('riscos', 0, 1, -1), ('os.path', 0, 0, -1), ('os.path.curdir', 0, 0, -1), ('os.path.pardir', 0, 0, -1), ('os.path.sep', 0, 0, -1), ('os.path.pathsep', 0, 0, -1), ('os.path.defpath', 0, 0, -1), ('os.path.extsep', 0, 0, -1), ('os.path.altsep', 0, 0, -1), ('os.path.devnull', 0, 0, -1), ('UserDict', 0, 1, -1), ('riscosenviron', 0, 1, -1), ('riscosenviron._Environ', 0, 1, -1), ('copy_reg', 0, 0, -1), ('warnings', 1, 0, -1), ('subprocess', 1, 0, -1), ('warnings', 1, 0, -1), ('subprocess', 1, 0, -1), ('warnings', 1, 0, -1), ('subprocess', 1, 0, -1)] binaries=[] datas=[]>
zlib: None -> <Module zlib /System/Library/Frameworks/Python.framework/Versions/2.7/lib/python2.7/lib-dynload/zlib.so imports=[] binaries=[] datas=[]>
AES: None -> None
  DEL AES
_struct: None -> <Module _struct /System/Library/Frameworks/Python.framework/Versions/2.7/lib/python2.7/lib-dynload/_struct.so imports=[] binaries=[] datas=[]>
zipimport: None -> <Module zipimport None imports=[] binaries=[] datas=[]>
__builtin__: None -> <Module __builtin__ None imports=[] binaries=[] datas=[]>
posix: None -> <Module posix None imports=[] binaries=[] datas=[]>
errno: None -> <Module errno None imports=[] binaries=[] datas=[]>
posixpath: None -> <Module posixpath /System/Library/Frameworks/Python.framework/Versions/2.7/lib/python2.7/posixpath.pyc imports=[('os', 0, 0, -1), ('sys', 0, 0, -1), ('stat', 0, 0, -1), ('genericpath', 0, 0, -1), ('warnings', 0, 0, -1), ('genericpath', 0, 0, -1), ('genericpath.*', 0, 0, -1), ('pwd', 1, 1, -1), ('pwd', 1, 1, -1), ('re', 1, 1, -1)] binaries=[] datas=[]>
os2emxpath: None -> <Module os2emxpath /System/Library/Frameworks/Python.framework/Versions/2.7/lib/python2.7/os2emxpath.pyc imports=[('os', 0, 0, -1), ('stat', 0, 0, -1), ('genericpath', 0, 0, -1), ('genericpath.*', 0, 0, -1), ('ntpath', 0, 0, -1), ('ntpath.expanduser', 0, 0, -1), ('ntpath.expandvars', 0, 0, -1), ('ntpath.isabs', 0, 0, -1), ('ntpath.islink', 0, 0, -1), ('ntpath.splitdrive', 0, 0, -1), ('ntpath.splitext', 0, 0, -1), ('ntpath.split', 0, 0, -1), ('ntpath.walk', 0, 0, -1)] binaries=[] datas=[]>
_emx_link: None -> None
  DEL _emx_link
_emx_link: None -> None
  DEL _emx_link
UserDict: None -> <Module UserDict /System/Library/Frameworks/Python.framework/Versions/2.7/lib/python2.7/UserDict.pyc imports=[('_abcoll', 0, 0, -1), ('copy', 1, 0, -1)] binaries=[] datas=[]>
copy_reg: None -> <Module copy_reg /System/Library/Frameworks/Python.framework/Versions/2.7/lib/python2.7/copy_reg.pyc imports=[('types', 0, 0, -1), ('types.ClassType', 0, 0, -1)] binaries=[] datas=[]>
warnings: None -> <Module warnings /System/Library/Frameworks/Python.framework/Versions/2.7/lib/python2.7/warnings.pyc imports=[('linecache', 0, 0, -1), ('sys', 0, 0, -1), ('types', 0, 0, -1), ('_warnings', 0, 0, -1), ('_warnings.filters', 0, 0, -1), ('_warnings.default_action', 0, 0, -1), ('_warnings.once_registry', 0, 0, -1), ('_warnings.warn', 0, 0, -1), ('_warnings.warn_explicit', 0, 0, -1), ('re', 1, 0, -1), ('re', 1, 0, -1), ('re', 1, 0, -1)] binaries=[] datas=[]>
subprocess: None -> <Module subprocess /System/Library/Frameworks/Python.framework/Versions/2.7/lib/python2.7/subprocess.pyc imports=[('sys', 0, 0, -1), ('os', 0, 0, -1), ('types', 0, 0, -1), ('traceback', 0, 0, -1), ('gc', 0, 0, -1), ('signal', 0, 0, -1), ('threading', 0, 1, -1), ('msvcrt', 0, 1, -1), ('_subprocess', 0, 1, -1), ('select', 0, 1, -1), ('errno', 0, 1, -1), ('fcntl', 0, 1, -1), ('pickle', 0, 1, -1), ('_subprocess', 0, 1, -1), ('_subprocess.CREATE_NEW_CONSOLE', 0, 1, -1), ('_subprocess.CREATE_NEW_PROCESS_GROUP', 0, 1, -1)] binaries=[] datas=[]>
stat: None -> <Module stat /System/Library/Frameworks/Python.framework/Versions/2.7/lib/python2.7/stat.pyc imports=[] binaries=[] datas=[]>
genericpath: None -> <Module genericpath /System/Library/Frameworks/Python.framework/Versions/2.7/lib/python2.7/genericpath.pyc imports=[('os', 0, 0, -1), ('stat', 0, 0, -1)] binaries=[] datas=[]>
pwd: None -> <Module pwd None imports=[] binaries=[] datas=[]>
re: None -> <Module re /System/Library/Frameworks/Python.framework/Versions/2.7/lib/python2.7/re.pyc imports=[('sys', 0, 0, -1), ('sre_compile', 0, 0, -1), ('sre_parse', 0, 0, -1), ('copy_reg', 0, 0, -1), ('sre_constants', 1, 0, -1), ('sre_constants.BRANCH', 1, 0, -1), ('sre_constants.SUBPATTERN', 1, 0, -1)] binaries=[] datas=[]>
linecache: None -> <Module linecache /System/Library/Frameworks/Python.framework/Versions/2.7/lib/python2.7/linecache.pyc imports=[('sys', 0, 0, -1), ('os', 0, 0, -1)] binaries=[] datas=[]>
types: None -> <Module types /System/Library/Frameworks/Python.framework/Versions/2.7/lib/python2.7/types.pyc imports=[('sys', 0, 0, -1)] binaries=[] datas=[]>
_warnings: None -> <Module _warnings None imports=[] binaries=[] datas=[]>
sre_compile: None -> <Module sre_compile /System/Library/Frameworks/Python.framework/Versions/2.7/lib/python2.7/sre_compile.pyc imports=[('_sre', 0, 0, -1), ('sys', 0, 0, -1), ('sre_parse', 0, 0, -1), ('sre_constants', 0, 0, -1), ('sre_constants.*', 0, 0, -1), ('array', 1, 0, -1)] binaries=[] datas=[]>
sre_parse: None -> <Module sre_parse /System/Library/Frameworks/Python.framework/Versions/2.7/lib/python2.7/sre_parse.pyc imports=[('sys', 0, 0, -1), ('sre_constants', 0, 0, -1), ('sre_constants.*', 0, 0, -1)] binaries=[] datas=[]>
sre_constants: None -> <Module sre_constants /System/Library/Frameworks/Python.framework/Versions/2.7/lib/python2.7/sre_constants.pyc imports=[] binaries=[] datas=[]>
_sre: None -> <Module _sre None imports=[] binaries=[] datas=[]>
array: None -> <Module array /System/Library/Frameworks/Python.framework/Versions/2.7/lib/python2.7/lib-dynload/array.so imports=[] binaries=[] datas=[]>
ntpath: None -> <Module ntpath /System/Library/Frameworks/Python.framework/Versions/2.7/lib/python2.7/ntpath.pyc imports=[('os', 0, 0, -1), ('sys', 0, 0, -1), ('stat', 0, 0, -1), ('genericpath', 0, 0, -1), ('warnings', 0, 0, -1), ('genericpath', 0, 0, -1), ('genericpath.*', 0, 0, -1), ('nt', 0, 0, -1), ('nt._getfullpathname', 0, 0, -1), ('string', 1, 0, -1)] binaries=[] datas=[]>
nt: None -> None
  DEL nt
nt: None -> None
  DEL nt
string: None -> <Module string /System/Library/Frameworks/Python.framework/Versions/2.7/lib/python2.7/string.pyc imports=[('re', 0, 0, -1), ('strop', 0, 0, -1), ('strop.maketrans', 0, 0, -1), ('strop.lowercase', 0, 0, -1), ('strop.uppercase', 0, 0, -1), ('strop.whitespace', 0, 0, -1)] binaries=[] datas=[]>
strop: None -> <Module strop /System/Library/Frameworks/Python.framework/Versions/2.7/lib/python2.7/lib-dynload/strop.so imports=[] binaries=[] datas=[]>
_abcoll: None -> <Module _abcoll /System/Library/Frameworks/Python.framework/Versions/2.7/lib/python2.7/_abcoll.pyc imports=[('abc', 0, 0, -1), ('abc.ABCMeta', 0, 0, -1), ('abc.abstractmethod', 0, 0, -1), ('sys', 0, 0, -1)] binaries=[] datas=[]>
copy: None -> <Module copy /System/Library/Frameworks/Python.framework/Versions/2.7/lib/python2.7/copy.pyc imports=[('types', 0, 0, -1), ('weakref', 0, 0, -1), ('copy_reg', 0, 0, -1), ('copy_reg.dispatch_table', 0, 0, -1), ('org.python.core', 0, 0, -1), ('org.python.core.PyStringMap', 0, 0, -1), ('repr', 1, 0, -1), ('repr', 1, 0, -1), ('sys', 1, 1, -1)] binaries=[] datas=[]>
abc: None -> <Module abc /System/Library/Frameworks/Python.framework/Versions/2.7/lib/python2.7/abc.pyc imports=[('types', 0, 0, -1), ('_weakrefset', 0, 0, -1), ('_weakrefset.WeakSet', 0, 0, -1)] binaries=[] datas=[]>
_weakrefset: None -> <Module _weakrefset /System/Library/Frameworks/Python.framework/Versions/2.7/lib/python2.7/_weakrefset.pyc imports=[('_weakref', 0, 0, -1), ('_weakref.ref', 0, 0, -1)] binaries=[] datas=[]>
_weakref: None -> <Module _weakref None imports=[] binaries=[] datas=[]>
weakref: None -> <Module weakref /System/Library/Frameworks/Python.framework/Versions/2.7/lib/python2.7/weakref.pyc imports=[('UserDict', 0, 0, -1), ('_weakref', 0, 0, -1), ('_weakref.getweakrefcount', 0, 0, -1), ('_weakref.getweakrefs', 0, 0, -1), ('_weakref.ref', 0, 0, -1), ('_weakref.proxy', 0, 0, -1), ('_weakref.CallableProxyType', 0, 0, -1), ('_weakref.ProxyType', 0, 0, -1), ('_weakref.ReferenceType', 0, 0, -1), ('_weakrefset', 0, 0, -1), ('_weakrefset.WeakSet', 0, 0, -1), ('exceptions', 0, 0, -1), ('exceptions.ReferenceError', 0, 0, -1), ('copy', 1, 0, -1), ('copy.deepcopy', 1, 0, -1), ('copy', 1, 0, -1), ('copy.deepcopy', 1, 0, -1)] binaries=[] datas=[]>
org: None -> None
  DEL org
org: None -> None
  DEL org
repr: None -> <Module repr /System/Library/Frameworks/Python.framework/Versions/2.7/lib/python2.7/repr.pyc imports=[('__builtin__', 0, 0, -1), ('itertools', 0, 0, -1), ('itertools.islice', 0, 0, -1)] binaries=[] datas=[]>
exceptions: None -> <Module exceptions None imports=[] binaries=[] datas=[]>
itertools: None -> <Module itertools /System/Library/Frameworks/Python.framework/Versions/2.7/lib/python2.7/lib-dynload/itertools.so imports=[] binaries=[] datas=[]>
traceback: None -> <Module traceback /System/Library/Frameworks/Python.framework/Versions/2.7/lib/python2.7/traceback.pyc imports=[('linecache', 0, 0, -1), ('sys', 0, 0, -1), ('types', 0, 0, -1)] binaries=[] datas=[]>
gc: None -> <Module gc None imports=[] binaries=[] datas=[]>
signal: None -> <Module signal None imports=[] binaries=[] datas=[]>
threading: None -> <Module threading /System/Library/Frameworks/Python.framework/Versions/2.7/lib/python2.7/threading.pyc imports=[('sys', 0, 0, -1), ('thread', 0, 0, -1), ('warnings', 0, 0, -1), ('time', 0, 0, -1), ('time.time', 0, 0, -1), ('time.sleep', 0, 0, -1), ('traceback', 0, 0, -1), ('traceback.format_exc', 0, 0, -1), ('collections', 0, 0, -1), ('collections.deque', 0, 0, -1), ('thread', 0, 0, -1), ('thread.stack_size', 0, 0, -1), ('thread', 0, 0, -1), ('thread._local', 0, 0, -1), ('_threading_local', 0, 1, -1), ('_threading_local.local', 0, 1, -1), ('random', 1, 0, -1), ('random.random', 1, 0, -1)] binaries=[] datas=[]>
msvcrt: None -> None
  DEL msvcrt
_subprocess: None -> None
  DEL _subprocess
select: None -> <Module select /System/Library/Frameworks/Python.framework/Versions/2.7/lib/python2.7/lib-dynload/select.so imports=[] binaries=[] datas=[]>
fcntl: None -> <Module fcntl /System/Library/Frameworks/Python.framework/Versions/2.7/lib/python2.7/lib-dynload/fcntl.so imports=[] binaries=[] datas=[]>
pickle: None -> <Module pickle /System/Library/Frameworks/Python.framework/Versions/2.7/lib/python2.7/pickle.pyc imports=[('types', 0, 0, -1), ('types.*', 0, 0, -1), ('copy_reg', 0, 0, -1), ('copy_reg.dispatch_table', 0, 0, -1), ('copy_reg', 0, 0, -1), ('copy_reg._extension_registry', 0, 0, -1), ('copy_reg._inverted_registry', 0, 0, -1), ('copy_reg._extension_cache', 0, 0, -1), ('marshal', 0, 0, -1), ('sys', 0, 0, -1), ('struct', 0, 0, -1), ('re', 0, 0, -1), ('org.python.core', 0, 0, -1), ('org.python.core.PyStringMap', 0, 0, -1), ('binascii', 0, 0, -1), ('cStringIO', 0, 0, -1), ('cStringIO.StringIO', 0, 0, -1), ('StringIO', 0, 1, -1), ('StringIO.StringIO', 0, 1, -1), ('doctest', 1, 0, -1)] binaries=[] datas=[]>
_subprocess: None -> None
  DEL _subprocess
_subprocess: None -> None
  DEL _subprocess
_subprocess: None -> None
  DEL _subprocess
thread: None -> <Module thread None imports=[] binaries=[] datas=[]>
time: None -> <Module time /System/Library/Frameworks/Python.framework/Versions/2.7/lib/python2.7/lib-dynload/time.so imports=[] binaries=[] datas=[]>
collections: None -> <Module collections /System/Library/Frameworks/Python.framework/Versions/2.7/lib/python2.7/collections.pyc imports=[('_abcoll', 0, 0, -1), ('_abcoll.*', 0, 0, -1), ('_abcoll', 0, 0, -1), ('_collections', 0, 0, -1), ('_collections.deque', 0, 0, -1), ('_collections.defaultdict', 0, 0, -1), ('operator', 0, 0, -1), ('operator.itemgetter', 0, 0, -1), ('operator.eq', 0, 0, -1), ('keyword', 0, 0, -1), ('keyword.iskeyword', 0, 0, -1), ('sys', 0, 0, -1), ('heapq', 0, 0, -1), ('itertools', 0, 0, -1), ('itertools.repeat', 0, 0, -1), ('itertools.chain', 0, 0, -1), ('itertools.starmap', 0, 0, -1), ('itertools.ifilter', 0, 0, -1), ('itertools.imap', 0, 0, -1), ('thread', 0, 0, -1), ('thread.get_ident', 0, 0, -1), ('dummy_thread', 0, 1, -1), ('dummy_thread.get_ident', 0, 1, -1), ('cPickle', 0, 1, -1), ('cPickle.loads', 0, 1, -1), ('cPickle.dumps', 0, 1, -1), ('doctest', 0, 1, -1)] binaries=[] datas=[]>
_threading_local: None -> <Module _threading_local /System/Library/Frameworks/Python.framework/Versions/2.7/lib/python2.7/_threading_local.pyc imports=[('threading', 0, 0, -1), ('threading.current_thread', 0, 0, -1), ('threading.RLock', 0, 0, -1), ('threading', 1, 0, -1)] binaries=[] datas=[]>
random: None -> <Module random /System/Library/Frameworks/Python.framework/Versions/2.7/lib/python2.7/random.pyc imports=[('__future__', 0, 0, -1), ('__future__.division', 0, 0, -1), ('warnings', 0, 0, -1), ('warnings.warn', 0, 0, -1), ('types', 0, 0, -1), ('types.MethodType', 0, 0, -1), ('types.BuiltinMethodType', 0, 0, -1), ('math', 0, 0, -1), ('math.log', 0, 0, -1), ('math.exp', 0, 0, -1), ('math.pi', 0, 0, -1), ('math.e', 0, 0, -1), ('math.ceil', 0, 0, -1), ('math', 0, 0, -1), ('math.sqrt', 0, 0, -1), ('math.acos', 0, 0, -1), ('math.cos', 0, 0, -1), ('math.sin', 0, 0, -1), ('os', 0, 0, -1), ('os.urandom', 0, 0, -1), ('binascii', 0, 0, -1), ('binascii.hexlify', 0, 0, -1), ('hashlib', 0, 0, -1), ('_random', 0, 0, -1), ('time', 1, 1, -1), ('time', 1, 1, -1), ('time', 1, 1, -1), ('time', 1, 0, -1)] binaries=[] datas=[]>
_strptime: None -> <Module _strptime /System/Library/Frameworks/Python.framework/Versions/2.7/lib/python2.7/_strptime.pyc imports=[('time', 0, 0, -1), ('locale', 0, 0, -1), ('calendar', 0, 0, -1), ('re', 0, 0, -1), ('re.compile', 0, 0, -1), ('re', 0, 0, -1), ('re.IGNORECASE', 0, 0, -1), ('re', 0, 0, -1), ('re.escape', 0, 0, -1), ('datetime', 0, 0, -1), ('datetime.date', 0, 0, -1), ('thread', 0, 0, -1), ('thread.allocate_lock', 0, 0, -1), ('dummy_thread', 0, 0, -1), ('dummy_thread.allocate_lock', 0, 0, -1)] binaries=[] datas=[]>
locale: None -> <Module locale /System/Library/Frameworks/Python.framework/Versions/2.7/lib/python2.7/locale.pyc imports=[('sys', 0, 0, -1), ('encodings', 0, 0, -1), ('encodings.aliases', 0, 0, -1), ('re', 0, 0, -1), ('operator', 0, 0, -1), ('functools', 0, 0, -1), ('_locale', 0, 0, -1), ('_locale.*', 0, 0, -1), ('_locale', 1, 0, -1), ('os', 1, 0, -1), ('_locale', 1, 0, -1)] binaries=[] datas=[]>
calendar: None -> <Module calendar /System/Library/Frameworks/Python.framework/Versions/2.7/lib/python2.7/calendar.pyc imports=[('sys', 0, 0, -1), ('datetime', 0, 0, -1), ('locale', 0, 0, -1), ('optparse', 1, 0, -1)] binaries=[] datas=[]>
datetime: None -> <Module datetime /System/Library/Frameworks/Python.framework/Versions/2.7/lib/python2.7/lib-dynload/datetime.so imports=[] binaries=[] datas=[]>
dummy_thread: None -> <Module dummy_thread /System/Library/Frameworks/Python.framework/Versions/2.7/lib/python2.7/dummy_thread.pyc imports=[('traceback', 0, 0, -1)] binaries=[] datas=[]>
encodings: None -> <Module encodings /System/Library/Frameworks/Python.framework/Versions/2.7/lib/python2.7/encodings/__init__.pyc imports=[('codecs', 0, 0, -1), ('encodings', 0, 0, -1), ('encodings.aliases', 0, 0, -1), ('__builtin__', 0, 0, -1)] binaries=[] datas=[]>
encodings.aliases: None -> <Module encodings.aliases /System/Library/Frameworks/Python.framework/Versions/2.7/lib/python2.7/encodings/aliases.pyc imports=[] binaries=[] datas=[]>
operator: None -> <Module operator /System/Library/Frameworks/Python.framework/Versions/2.7/lib/python2.7/lib-dynload/operator.so imports=[] binaries=[] datas=[]>
functools: None -> <Module functools /System/Library/Frameworks/Python.framework/Versions/2.7/lib/python2.7/functools.pyc imports=[('_functools', 0, 0, -1), ('_functools.partial', 0, 0, -1), ('_functools.reduce', 0, 0, -1)] binaries=[] datas=[]>
_locale: None -> <Module _locale /System/Library/Frameworks/Python.framework/Versions/2.7/lib/python2.7/lib-dynload/_locale.so imports=[] binaries=[] datas=[]>
encodings.codecs: None -> None
codecs: None -> <Module codecs /System/Library/Frameworks/Python.framework/Versions/2.7/lib/python2.7/codecs.pyc imports=[('__builtin__', 0, 0, -1), ('sys', 0, 0, -1), ('_codecs', 0, 0, -1), ('_codecs.*', 0, 0, -1), ('encodings', 0, 1, -1)] binaries=[] datas=[]>
encodings.encodings: None -> None
encodings.__builtin__: None -> None
encodings.ascii: None -> <Module encodings.ascii /System/Library/Frameworks/Python.framework/Versions/2.7/lib/python2.7/encodings/ascii.pyc imports=[('codecs', 0, 0, -1)] binaries=[] datas=[]>
encodings.base64_codec: None -> <Module encodings.base64_codec /System/Library/Frameworks/Python.framework/Versions/2.7/lib/python2.7/encodings/base64_codec.pyc imports=[('codecs', 0, 0, -1), ('base64', 0, 0, -1)] binaries=[] datas=[]>
encodings.big5: None -> <Module encodings.big5 /System/Library/Frameworks/Python.framework/Versions/2.7/lib/python2.7/encodings/big5.pyc imports=[('_codecs_tw', 0, 0, -1), ('codecs', 0, 0, -1), ('_multibytecodec', 0, 0, -1)] binaries=[] datas=[]>
encodings.big5hkscs: None -> <Module encodings.big5hkscs /System/Library/Frameworks/Python.framework/Versions/2.7/lib/python2.7/encodings/big5hkscs.pyc imports=[('_codecs_hk', 0, 0, -1), ('codecs', 0, 0, -1), ('_multibytecodec', 0, 0, -1)] binaries=[] datas=[]>
encodings.bz2_codec: None -> <Module encodings.bz2_codec /System/Library/Frameworks/Python.framework/Versions/2.7/lib/python2.7/encodings/bz2_codec.pyc imports=[('codecs', 0, 0, -1), ('bz2', 0, 0, -1)] binaries=[] datas=[]>
encodings.charmap: None -> <Module encodings.charmap /System/Library/Frameworks/Python.framework/Versions/2.7/lib/python2.7/encodings/charmap.pyc imports=[('codecs', 0, 0, -1)] binaries=[] datas=[]>
encodings.cp037: None -> <Module encodings.cp037 /System/Library/Frameworks/Python.framework/Versions/2.7/lib/python2.7/encodings/cp037.pyc imports=[('codecs', 0, 0, -1)] binaries=[] datas=[]>
encodings.cp1006: None -> <Module encodings.cp1006 /System/Library/Frameworks/Python.framework/Versions/2.7/lib/python2.7/encodings/cp1006.pyc imports=[('codecs', 0, 0, -1)] binaries=[] datas=[]>
encodings.cp1026: None -> <Module encodings.cp1026 /System/Library/Frameworks/Python.framework/Versions/2.7/lib/python2.7/encodings/cp1026.pyc imports=[('codecs', 0, 0, -1)] binaries=[] datas=[]>
encodings.cp1140: None -> <Module encodings.cp1140 /System/Library/Frameworks/Python.framework/Versions/2.7/lib/python2.7/encodings/cp1140.pyc imports=[('codecs', 0, 0, -1)] binaries=[] datas=[]>
encodings.cp1250: None -> <Module encodings.cp1250 /System/Library/Frameworks/Python.framework/Versions/2.7/lib/python2.7/encodings/cp1250.pyc imports=[('codecs', 0, 0, -1)] binaries=[] datas=[]>
encodings.cp1251: None -> <Module encodings.cp1251 /System/Library/Frameworks/Python.framework/Versions/2.7/lib/python2.7/encodings/cp1251.pyc imports=[('codecs', 0, 0, -1)] binaries=[] datas=[]>
encodings.cp1252: None -> <Module encodings.cp1252 /System/Library/Frameworks/Python.framework/Versions/2.7/lib/python2.7/encodings/cp1252.pyc imports=[('codecs', 0, 0, -1)] binaries=[] datas=[]>
encodings.cp1253: None -> <Module encodings.cp1253 /System/Library/Frameworks/Python.framework/Versions/2.7/lib/python2.7/encodings/cp1253.pyc imports=[('codecs', 0, 0, -1)] binaries=[] datas=[]>
encodings.cp1254: None -> <Module encodings.cp1254 /System/Library/Frameworks/Python.framework/Versions/2.7/lib/python2.7/encodings/cp1254.pyc imports=[('codecs', 0, 0, -1)] binaries=[] datas=[]>
encodings.cp1255: None -> <Module encodings.cp1255 /System/Library/Frameworks/Python.framework/Versions/2.7/lib/python2.7/encodings/cp1255.pyc imports=[('codecs', 0, 0, -1)] binaries=[] datas=[]>
encodings.cp1256: None -> <Module encodings.cp1256 /System/Library/Frameworks/Python.framework/Versions/2.7/lib/python2.7/encodings/cp1256.pyc imports=[('codecs', 0, 0, -1)] binaries=[] datas=[]>
encodings.cp1257: None -> <Module encodings.cp1257 /System/Library/Frameworks/Python.framework/Versions/2.7/lib/python2.7/encodings/cp1257.pyc imports=[('codecs', 0, 0, -1)] binaries=[] datas=[]>
encodings.cp1258: None -> <Module encodings.cp1258 /System/Library/Frameworks/Python.framework/Versions/2.7/lib/python2.7/encodings/cp1258.pyc imports=[('codecs', 0, 0, -1)] binaries=[] datas=[]>
encodings.cp424: None -> <Module encodings.cp424 /System/Library/Frameworks/Python.framework/Versions/2.7/lib/python2.7/encodings/cp424.pyc imports=[('codecs', 0, 0, -1)] binaries=[] datas=[]>
encodings.cp437: None -> <Module encodings.cp437 /System/Library/Frameworks/Python.framework/Versions/2.7/lib/python2.7/encodings/cp437.pyc imports=[('codecs', 0, 0, -1)] binaries=[] datas=[]>
encodings.cp500: None -> <Module encodings.cp500 /System/Library/Frameworks/Python.framework/Versions/2.7/lib/python2.7/encodings/cp500.pyc imports=[('codecs', 0, 0, -1)] binaries=[] datas=[]>
encodings.cp720: None -> <Module encodings.cp720 /System/Library/Frameworks/Python.framework/Versions/2.7/lib/python2.7/encodings/cp720.pyc imports=[('codecs', 0, 0, -1)] binaries=[] datas=[]>
encodings.cp737: None -> <Module encodings.cp737 /System/Library/Frameworks/Python.framework/Versions/2.7/lib/python2.7/encodings/cp737.pyc imports=[('codecs', 0, 0, -1)] binaries=[] datas=[]>
encodings.cp775: None -> <Module encodings.cp775 /System/Library/Frameworks/Python.framework/Versions/2.7/lib/python2.7/encodings/cp775.pyc imports=[('codecs', 0, 0, -1)] binaries=[] datas=[]>
encodings.cp850: None -> <Module encodings.cp850 /System/Library/Frameworks/Python.framework/Versions/2.7/lib/python2.7/encodings/cp850.pyc imports=[('codecs', 0, 0, -1)] binaries=[] datas=[]>
encodings.cp852: None -> <Module encodings.cp852 /System/Library/Frameworks/Python.framework/Versions/2.7/lib/python2.7/encodings/cp852.pyc imports=[('codecs', 0, 0, -1)] binaries=[] datas=[]>
encodings.cp855: None -> <Module encodings.cp855 /System/Library/Frameworks/Python.framework/Versions/2.7/lib/python2.7/encodings/cp855.pyc imports=[('codecs', 0, 0, -1)] binaries=[] datas=[]>
encodings.cp856: None -> <Module encodings.cp856 /System/Library/Frameworks/Python.framework/Versions/2.7/lib/python2.7/encodings/cp856.pyc imports=[('codecs', 0, 0, -1)] binaries=[] datas=[]>
encodings.cp857: None -> <Module encodings.cp857 /System/Library/Frameworks/Python.framework/Versions/2.7/lib/python2.7/encodings/cp857.pyc imports=[('codecs', 0, 0, -1)] binaries=[] datas=[]>
encodings.cp858: None -> <Module encodings.cp858 /System/Library/Frameworks/Python.framework/Versions/2.7/lib/python2.7/encodings/cp858.pyc imports=[('codecs', 0, 0, -1)] binaries=[] datas=[]>
encodings.cp860: None -> <Module encodings.cp860 /System/Library/Frameworks/Python.framework/Versions/2.7/lib/python2.7/encodings/cp860.pyc imports=[('codecs', 0, 0, -1)] binaries=[] datas=[]>
encodings.cp861: None -> <Module encodings.cp861 /System/Library/Frameworks/Python.framework/Versions/2.7/lib/python2.7/encodings/cp861.pyc imports=[('codecs', 0, 0, -1)] binaries=[] datas=[]>
encodings.cp862: None -> <Module encodings.cp862 /System/Library/Frameworks/Python.framework/Versions/2.7/lib/python2.7/encodings/cp862.pyc imports=[('codecs', 0, 0, -1)] binaries=[] datas=[]>
encodings.cp863: None -> <Module encodings.cp863 /System/Library/Frameworks/Python.framework/Versions/2.7/lib/python2.7/encodings/cp863.pyc imports=[('codecs', 0, 0, -1)] binaries=[] datas=[]>
encodings.cp864: None -> <Module encodings.cp864 /System/Library/Frameworks/Python.framework/Versions/2.7/lib/python2.7/encodings/cp864.pyc imports=[('codecs', 0, 0, -1)] binaries=[] datas=[]>
encodings.cp865: None -> <Module encodings.cp865 /System/Library/Frameworks/Python.framework/Versions/2.7/lib/python2.7/encodings/cp865.pyc imports=[('codecs', 0, 0, -1)] binaries=[] datas=[]>
encodings.cp866: None -> <Module encodings.cp866 /System/Library/Frameworks/Python.framework/Versions/2.7/lib/python2.7/encodings/cp866.pyc imports=[('codecs', 0, 0, -1)] binaries=[] datas=[]>
encodings.cp869: None -> <Module encodings.cp869 /System/Library/Frameworks/Python.framework/Versions/2.7/lib/python2.7/encodings/cp869.pyc imports=[('codecs', 0, 0, -1)] binaries=[] datas=[]>
encodings.cp874: None -> <Module encodings.cp874 /System/Library/Frameworks/Python.framework/Versions/2.7/lib/python2.7/encodings/cp874.pyc imports=[('codecs', 0, 0, -1)] binaries=[] datas=[]>
encodings.cp875: None -> <Module encodings.cp875 /System/Library/Frameworks/Python.framework/Versions/2.7/lib/python2.7/encodings/cp875.pyc imports=[('codecs', 0, 0, -1)] binaries=[] datas=[]>
encodings.cp932: None -> <Module encodings.cp932 /System/Library/Frameworks/Python.framework/Versions/2.7/lib/python2.7/encodings/cp932.pyc imports=[('_codecs_jp', 0, 0, -1), ('codecs', 0, 0, -1), ('_multibytecodec', 0, 0, -1)] binaries=[] datas=[]>
encodings.cp949: None -> <Module encodings.cp949 /System/Library/Frameworks/Python.framework/Versions/2.7/lib/python2.7/encodings/cp949.pyc imports=[('_codecs_kr', 0, 0, -1), ('codecs', 0, 0, -1), ('_multibytecodec', 0, 0, -1)] binaries=[] datas=[]>
encodings.cp950: None -> <Module encodings.cp950 /System/Library/Frameworks/Python.framework/Versions/2.7/lib/python2.7/encodings/cp950.pyc imports=[('_codecs_tw', 0, 0, -1), ('codecs', 0, 0, -1), ('_multibytecodec', 0, 0, -1)] binaries=[] datas=[]>
encodings.euc_jis_2004: None -> <Module encodings.euc_jis_2004 /System/Library/Frameworks/Python.framework/Versions/2.7/lib/python2.7/encodings/euc_jis_2004.pyc imports=[('_codecs_jp', 0, 0, -1), ('codecs', 0, 0, -1), ('_multibytecodec', 0, 0, -1)] binaries=[] datas=[]>
encodings.euc_jisx0213: None -> <Module encodings.euc_jisx0213 /System/Library/Frameworks/Python.framework/Versions/2.7/lib/python2.7/encodings/euc_jisx0213.pyc imports=[('_codecs_jp', 0, 0, -1), ('codecs', 0, 0, -1), ('_multibytecodec', 0, 0, -1)] binaries=[] datas=[]>
encodings.euc_jp: None -> <Module encodings.euc_jp /System/Library/Frameworks/Python.framework/Versions/2.7/lib/python2.7/encodings/euc_jp.pyc imports=[('_codecs_jp', 0, 0, -1), ('codecs', 0, 0, -1), ('_multibytecodec', 0, 0, -1)] binaries=[] datas=[]>
encodings.euc_kr: None -> <Module encodings.euc_kr /System/Library/Frameworks/Python.framework/Versions/2.7/lib/python2.7/encodings/euc_kr.pyc imports=[('_codecs_kr', 0, 0, -1), ('codecs', 0, 0, -1), ('_multibytecodec', 0, 0, -1)] binaries=[] datas=[]>
encodings.gb18030: None -> <Module encodings.gb18030 /System/Library/Frameworks/Python.framework/Versions/2.7/lib/python2.7/encodings/gb18030.pyc imports=[('_codecs_cn', 0, 0, -1), ('codecs', 0, 0, -1), ('_multibytecodec', 0, 0, -1)] binaries=[] datas=[]>
encodings.gb2312: None -> <Module encodings.gb2312 /System/Library/Frameworks/Python.framework/Versions/2.7/lib/python2.7/encodings/gb2312.pyc imports=[('_codecs_cn', 0, 0, -1), ('codecs', 0, 0, -1), ('_multibytecodec', 0, 0, -1)] binaries=[] datas=[]>
encodings.gbk: None -> <Module encodings.gbk /System/Library/Frameworks/Python.framework/Versions/2.7/lib/python2.7/encodings/gbk.pyc imports=[('_codecs_cn', 0, 0, -1), ('codecs', 0, 0, -1), ('_multibytecodec', 0, 0, -1)] binaries=[] datas=[]>
encodings.hex_codec: None -> <Module encodings.hex_codec /System/Library/Frameworks/Python.framework/Versions/2.7/lib/python2.7/encodings/hex_codec.pyc imports=[('codecs', 0, 0, -1), ('binascii', 0, 0, -1)] binaries=[] datas=[]>
encodings.hp_roman8: None -> <Module encodings.hp_roman8 /System/Library/Frameworks/Python.framework/Versions/2.7/lib/python2.7/encodings/hp_roman8.pyc imports=[('codecs', 0, 0, -1)] binaries=[] datas=[]>
encodings.hz: None -> <Module encodings.hz /System/Library/Frameworks/Python.framework/Versions/2.7/lib/python2.7/encodings/hz.pyc imports=[('_codecs_cn', 0, 0, -1), ('codecs', 0, 0, -1), ('_multibytecodec', 0, 0, -1)] binaries=[] datas=[]>
encodings.idna: None -> <Module encodings.idna /System/Library/Frameworks/Python.framework/Versions/2.7/lib/python2.7/encodings/idna.pyc imports=[('stringprep', 0, 0, -1), ('re', 0, 0, -1), ('codecs', 0, 0, -1), ('unicodedata', 0, 0, -1), ('unicodedata.ucd_3_2_0', 0, 0, -1)] binaries=[] datas=[]>
encodings.iso2022_jp: None -> <Module encodings.iso2022_jp /System/Library/Frameworks/Python.framework/Versions/2.7/lib/python2.7/encodings/iso2022_jp.pyc imports=[('_codecs_iso2022', 0, 0, -1), ('codecs', 0, 0, -1), ('_multibytecodec', 0, 0, -1)] binaries=[] datas=[]>
encodings.iso2022_jp_1: None -> <Module encodings.iso2022_jp_1 /System/Library/Frameworks/Python.framework/Versions/2.7/lib/python2.7/encodings/iso2022_jp_1.pyc imports=[('_codecs_iso2022', 0, 0, -1), ('codecs', 0, 0, -1), ('_multibytecodec', 0, 0, -1)] binaries=[] datas=[]>
encodings.iso2022_jp_2: None -> <Module encodings.iso2022_jp_2 /System/Library/Frameworks/Python.framework/Versions/2.7/lib/python2.7/encodings/iso2022_jp_2.pyc imports=[('_codecs_iso2022', 0, 0, -1), ('codecs', 0, 0, -1), ('_multibytecodec', 0, 0, -1)] binaries=[] datas=[]>
encodings.iso2022_jp_2004: None -> <Module encodings.iso2022_jp_2004 /System/Library/Frameworks/Python.framework/Versions/2.7/lib/python2.7/encodings/iso2022_jp_2004.pyc imports=[('_codecs_iso2022', 0, 0, -1), ('codecs', 0, 0, -1), ('_multibytecodec', 0, 0, -1)] binaries=[] datas=[]>
encodings.iso2022_jp_3: None -> <Module encodings.iso2022_jp_3 /System/Library/Frameworks/Python.framework/Versions/2.7/lib/python2.7/encodings/iso2022_jp_3.pyc imports=[('_codecs_iso2022', 0, 0, -1), ('codecs', 0, 0, -1), ('_multibytecodec', 0, 0, -1)] binaries=[] datas=[]>
encodings.iso2022_jp_ext: None -> <Module encodings.iso2022_jp_ext /System/Library/Frameworks/Python.framework/Versions/2.7/lib/python2.7/encodings/iso2022_jp_ext.pyc imports=[('_codecs_iso2022', 0, 0, -1), ('codecs', 0, 0, -1), ('_multibytecodec', 0, 0, -1)] binaries=[] datas=[]>
encodings.iso2022_kr: None -> <Module encodings.iso2022_kr /System/Library/Frameworks/Python.framework/Versions/2.7/lib/python2.7/encodings/iso2022_kr.pyc imports=[('_codecs_iso2022', 0, 0, -1), ('codecs', 0, 0, -1), ('_multibytecodec', 0, 0, -1)] binaries=[] datas=[]>
encodings.iso8859_1: None -> <Module encodings.iso8859_1 /System/Library/Frameworks/Python.framework/Versions/2.7/lib/python2.7/encodings/iso8859_1.pyc imports=[('codecs', 0, 0, -1)] binaries=[] datas=[]>
encodings.iso8859_10: None -> <Module encodings.iso8859_10 /System/Library/Frameworks/Python.framework/Versions/2.7/lib/python2.7/encodings/iso8859_10.pyc imports=[('codecs', 0, 0, -1)] binaries=[] datas=[]>
encodings.iso8859_11: None -> <Module encodings.iso8859_11 /System/Library/Frameworks/Python.framework/Versions/2.7/lib/python2.7/encodings/iso8859_11.pyc imports=[('codecs', 0, 0, -1)] binaries=[] datas=[]>
encodings.iso8859_13: None -> <Module encodings.iso8859_13 /System/Library/Frameworks/Python.framework/Versions/2.7/lib/python2.7/encodings/iso8859_13.pyc imports=[('codecs', 0, 0, -1)] binaries=[] datas=[]>
encodings.iso8859_14: None -> <Module encodings.iso8859_14 /System/Library/Frameworks/Python.framework/Versions/2.7/lib/python2.7/encodings/iso8859_14.pyc imports=[('codecs', 0, 0, -1)] binaries=[] datas=[]>
encodings.iso8859_15: None -> <Module encodings.iso8859_15 /System/Library/Frameworks/Python.framework/Versions/2.7/lib/python2.7/encodings/iso8859_15.pyc imports=[('codecs', 0, 0, -1)] binaries=[] datas=[]>
encodings.iso8859_16: None -> <Module encodings.iso8859_16 /System/Library/Frameworks/Python.framework/Versions/2.7/lib/python2.7/encodings/iso8859_16.pyc imports=[('codecs', 0, 0, -1)] binaries=[] datas=[]>
encodings.iso8859_2: None -> <Module encodings.iso8859_2 /System/Library/Frameworks/Python.framework/Versions/2.7/lib/python2.7/encodings/iso8859_2.pyc imports=[('codecs', 0, 0, -1)] binaries=[] datas=[]>
encodings.iso8859_3: None -> <Module encodings.iso8859_3 /System/Library/Frameworks/Python.framework/Versions/2.7/lib/python2.7/encodings/iso8859_3.pyc imports=[('codecs', 0, 0, -1)] binaries=[] datas=[]>
encodings.iso8859_4: None -> <Module encodings.iso8859_4 /System/Library/Frameworks/Python.framework/Versions/2.7/lib/python2.7/encodings/iso8859_4.pyc imports=[('codecs', 0, 0, -1)] binaries=[] datas=[]>
encodings.iso8859_5: None -> <Module encodings.iso8859_5 /System/Library/Frameworks/Python.framework/Versions/2.7/lib/python2.7/encodings/iso8859_5.pyc imports=[('codecs', 0, 0, -1)] binaries=[] datas=[]>
encodings.iso8859_6: None -> <Module encodings.iso8859_6 /System/Library/Frameworks/Python.framework/Versions/2.7/lib/python2.7/encodings/iso8859_6.pyc imports=[('codecs', 0, 0, -1)] binaries=[] datas=[]>
encodings.iso8859_7: None -> <Module encodings.iso8859_7 /System/Library/Frameworks/Python.framework/Versions/2.7/lib/python2.7/encodings/iso8859_7.pyc imports=[('codecs', 0, 0, -1)] binaries=[] datas=[]>
encodings.iso8859_8: None -> <Module encodings.iso8859_8 /System/Library/Frameworks/Python.framework/Versions/2.7/lib/python2.7/encodings/iso8859_8.pyc imports=[('codecs', 0, 0, -1)] binaries=[] datas=[]>
encodings.iso8859_9: None -> <Module encodings.iso8859_9 /System/Library/Frameworks/Python.framework/Versions/2.7/lib/python2.7/encodings/iso8859_9.pyc imports=[('codecs', 0, 0, -1)] binaries=[] datas=[]>
encodings.johab: None -> <Module encodings.johab /System/Library/Frameworks/Python.framework/Versions/2.7/lib/python2.7/encodings/johab.pyc imports=[('_codecs_kr', 0, 0, -1), ('codecs', 0, 0, -1), ('_multibytecodec', 0, 0, -1)] binaries=[] datas=[]>
encodings.koi8_r: None -> <Module encodings.koi8_r /System/Library/Frameworks/Python.framework/Versions/2.7/lib/python2.7/encodings/koi8_r.pyc imports=[('codecs', 0, 0, -1)] binaries=[] datas=[]>
encodings.koi8_u: None -> <Module encodings.koi8_u /System/Library/Frameworks/Python.framework/Versions/2.7/lib/python2.7/encodings/koi8_u.pyc imports=[('codecs', 0, 0, -1)] binaries=[] datas=[]>
encodings.latin_1: None -> <Module encodings.latin_1 /System/Library/Frameworks/Python.framework/Versions/2.7/lib/python2.7/encodings/latin_1.pyc imports=[('codecs', 0, 0, -1)] binaries=[] datas=[]>
encodings.mac_arabic: None -> <Module encodings.mac_arabic /System/Library/Frameworks/Python.framework/Versions/2.7/lib/python2.7/encodings/mac_arabic.pyc imports=[('codecs', 0, 0, -1)] binaries=[] datas=[]>
encodings.mac_centeuro: None -> <Module encodings.mac_centeuro /System/Library/Frameworks/Python.framework/Versions/2.7/lib/python2.7/encodings/mac_centeuro.pyc imports=[('codecs', 0, 0, -1)] binaries=[] datas=[]>
encodings.mac_croatian: None -> <Module encodings.mac_croatian /System/Library/Frameworks/Python.framework/Versions/2.7/lib/python2.7/encodings/mac_croatian.pyc imports=[('codecs', 0, 0, -1)] binaries=[] datas=[]>
encodings.mac_cyrillic: None -> <Module encodings.mac_cyrillic /System/Library/Frameworks/Python.framework/Versions/2.7/lib/python2.7/encodings/mac_cyrillic.pyc imports=[('codecs', 0, 0, -1)] binaries=[] datas=[]>
encodings.mac_farsi: None -> <Module encodings.mac_farsi /System/Library/Frameworks/Python.framework/Versions/2.7/lib/python2.7/encodings/mac_farsi.pyc imports=[('codecs', 0, 0, -1)] binaries=[] datas=[]>
encodings.mac_greek: None -> <Module encodings.mac_greek /System/Library/Frameworks/Python.framework/Versions/2.7/lib/python2.7/encodings/mac_greek.pyc imports=[('codecs', 0, 0, -1)] binaries=[] datas=[]>
encodings.mac_iceland: None -> <Module encodings.mac_iceland /System/Library/Frameworks/Python.framework/Versions/2.7/lib/python2.7/encodings/mac_iceland.pyc imports=[('codecs', 0, 0, -1)] binaries=[] datas=[]>
encodings.mac_latin2: None -> <Module encodings.mac_latin2 /System/Library/Frameworks/Python.framework/Versions/2.7/lib/python2.7/encodings/mac_latin2.pyc imports=[('codecs', 0, 0, -1)] binaries=[] datas=[]>
encodings.mac_roman: None -> <Module encodings.mac_roman /System/Library/Frameworks/Python.framework/Versions/2.7/lib/python2.7/encodings/mac_roman.pyc imports=[('codecs', 0, 0, -1)] binaries=[] datas=[]>
encodings.mac_romanian: None -> <Module encodings.mac_romanian /System/Library/Frameworks/Python.framework/Versions/2.7/lib/python2.7/encodings/mac_romanian.pyc imports=[('codecs', 0, 0, -1)] binaries=[] datas=[]>
encodings.mac_turkish: None -> <Module encodings.mac_turkish /System/Library/Frameworks/Python.framework/Versions/2.7/lib/python2.7/encodings/mac_turkish.pyc imports=[('codecs', 0, 0, -1)] binaries=[] datas=[]>
encodings.mbcs: None -> <Module encodings.mbcs /System/Library/Frameworks/Python.framework/Versions/2.7/lib/python2.7/encodings/mbcs.pyc imports=[('codecs', 0, 0, -1), ('codecs.mbcs_encode', 0, 0, -1), ('codecs.mbcs_decode', 0, 0, -1), ('codecs', 0, 0, -1)] binaries=[] datas=[]>
encodings.palmos: None -> <Module encodings.palmos /System/Library/Frameworks/Python.framework/Versions/2.7/lib/python2.7/encodings/palmos.pyc imports=[('codecs', 0, 0, -1)] binaries=[] datas=[]>
encodings.ptcp154: None -> <Module encodings.ptcp154 /System/Library/Frameworks/Python.framework/Versions/2.7/lib/python2.7/encodings/ptcp154.pyc imports=[('codecs', 0, 0, -1)] binaries=[] datas=[]>
encodings.punycode: None -> <Module encodings.punycode /System/Library/Frameworks/Python.framework/Versions/2.7/lib/python2.7/encodings/punycode.pyc imports=[('codecs', 0, 0, -1)] binaries=[] datas=[]>
encodings.quopri_codec: None -> <Module encodings.quopri_codec /System/Library/Frameworks/Python.framework/Versions/2.7/lib/python2.7/encodings/quopri_codec.pyc imports=[('codecs', 0, 0, -1), ('quopri', 0, 0, -1), ('cStringIO', 0, 0, -1), ('cStringIO.StringIO', 0, 0, -1), ('StringIO', 0, 1, -1), ('StringIO.StringIO', 0, 1, -1)] binaries=[] datas=[]>
encodings.raw_unicode_escape: None -> <Module encodings.raw_unicode_escape /System/Library/Frameworks/Python.framework/Versions/2.7/lib/python2.7/encodings/raw_unicode_escape.pyc imports=[('codecs', 0, 0, -1)] binaries=[] datas=[]>
encodings.rot_13: None -> <Module encodings.rot_13 /System/Library/Frameworks/Python.framework/Versions/2.7/lib/python2.7/encodings/rot_13.pyc imports=[('codecs', 0, 0, -1), ('sys', 0, 1, -1)] binaries=[] datas=[]>
encodings.shift_jis: None -> <Module encodings.shift_jis /System/Library/Frameworks/Python.framework/Versions/2.7/lib/python2.7/encodings/shift_jis.pyc imports=[('_codecs_jp', 0, 0, -1), ('codecs', 0, 0, -1), ('_multibytecodec', 0, 0, -1)] binaries=[] datas=[]>
encodings.shift_jis_2004: None -> <Module encodings.shift_jis_2004 /System/Library/Frameworks/Python.framework/Versions/2.7/lib/python2.7/encodings/shift_jis_2004.pyc imports=[('_codecs_jp', 0, 0, -1), ('codecs', 0, 0, -1), ('_multibytecodec', 0, 0, -1)] binaries=[] datas=[]>
encodings.shift_jisx0213: None -> <Module encodings.shift_jisx0213 /System/Library/Frameworks/Python.framework/Versions/2.7/lib/python2.7/encodings/shift_jisx0213.pyc imports=[('_codecs_jp', 0, 0, -1), ('codecs', 0, 0, -1), ('_multibytecodec', 0, 0, -1)] binaries=[] datas=[]>
encodings.string_escape: None -> <Module encodings.string_escape /System/Library/Frameworks/Python.framework/Versions/2.7/lib/python2.7/encodings/string_escape.pyc imports=[('codecs', 0, 0, -1)] binaries=[] datas=[]>
encodings.tis_620: None -> <Module encodings.tis_620 /System/Library/Frameworks/Python.framework/Versions/2.7/lib/python2.7/encodings/tis_620.pyc imports=[('codecs', 0, 0, -1)] binaries=[] datas=[]>
encodings.undefined: None -> <Module encodings.undefined /System/Library/Frameworks/Python.framework/Versions/2.7/lib/python2.7/encodings/undefined.pyc imports=[('codecs', 0, 0, -1)] binaries=[] datas=[]>
encodings.unicode_escape: None -> <Module encodings.unicode_escape /System/Library/Frameworks/Python.framework/Versions/2.7/lib/python2.7/encodings/unicode_escape.pyc imports=[('codecs', 0, 0, -1)] binaries=[] datas=[]>
encodings.unicode_internal: None -> <Module encodings.unicode_internal /System/Library/Frameworks/Python.framework/Versions/2.7/lib/python2.7/encodings/unicode_internal.pyc imports=[('codecs', 0, 0, -1)] binaries=[] datas=[]>
encodings.utf_16: None -> <Module encodings.utf_16 /System/Library/Frameworks/Python.framework/Versions/2.7/lib/python2.7/encodings/utf_16.pyc imports=[('codecs', 0, 0, -1), ('sys', 0, 0, -1)] binaries=[] datas=[]>
encodings.utf_16_be: None -> <Module encodings.utf_16_be /System/Library/Frameworks/Python.framework/Versions/2.7/lib/python2.7/encodings/utf_16_be.pyc imports=[('codecs', 0, 0, -1)] binaries=[] datas=[]>
encodings.utf_16_le: None -> <Module encodings.utf_16_le /System/Library/Frameworks/Python.framework/Versions/2.7/lib/python2.7/encodings/utf_16_le.pyc imports=[('codecs', 0, 0, -1)] binaries=[] datas=[]>
encodings.utf_32: None -> <Module encodings.utf_32 /System/Library/Frameworks/Python.framework/Versions/2.7/lib/python2.7/encodings/utf_32.pyc imports=[('codecs', 0, 0, -1), ('sys', 0, 0, -1)] binaries=[] datas=[]>
encodings.utf_32_be: None -> <Module encodings.utf_32_be /System/Library/Frameworks/Python.framework/Versions/2.7/lib/python2.7/encodings/utf_32_be.pyc imports=[('codecs', 0, 0, -1)] binaries=[] datas=[]>
encodings.utf_32_le: None -> <Module encodings.utf_32_le /System/Library/Frameworks/Python.framework/Versions/2.7/lib/python2.7/encodings/utf_32_le.pyc imports=[('codecs', 0, 0, -1)] binaries=[] datas=[]>
encodings.utf_7: None -> <Module encodings.utf_7 /System/Library/Frameworks/Python.framework/Versions/2.7/lib/python2.7/encodings/utf_7.pyc imports=[('codecs', 0, 0, -1)] binaries=[] datas=[]>
encodings.utf_8: None -> <Module encodings.utf_8 /System/Library/Frameworks/Python.framework/Versions/2.7/lib/python2.7/encodings/utf_8.pyc imports=[('codecs', 0, 0, -1)] binaries=[] datas=[]>
encodings.utf_8_sig: None -> <Module encodings.utf_8_sig /System/Library/Frameworks/Python.framework/Versions/2.7/lib/python2.7/encodings/utf_8_sig.pyc imports=[('codecs', 0, 0, -1)] binaries=[] datas=[]>
encodings.uu_codec: None -> <Module encodings.uu_codec /System/Library/Frameworks/Python.framework/Versions/2.7/lib/python2.7/encodings/uu_codec.pyc imports=[('codecs', 0, 0, -1), ('binascii', 0, 0, -1), ('cStringIO', 1, 0, -1), ('cStringIO.StringIO', 1, 0, -1), ('binascii', 1, 0, -1), ('binascii.b2a_uu', 1, 0, -1), ('cStringIO', 1, 0, -1), ('cStringIO.StringIO', 1, 0, -1), ('binascii', 1, 0, -1), ('binascii.a2b_uu', 1, 0, -1)] binaries=[] datas=[]>
encodings.zlib_codec: None -> <Module encodings.zlib_codec /System/Library/Frameworks/Python.framework/Versions/2.7/lib/python2.7/encodings/zlib_codec.pyc imports=[('codecs', 0, 0, -1), ('zlib', 0, 0, -1)] binaries=[] datas=[]>
_codecs: None -> <Module _codecs None imports=[] binaries=[] datas=[]>
encodings.base64: None -> None
base64: None -> <Module base64 /System/Library/Frameworks/Python.framework/Versions/2.7/lib/python2.7/base64.pyc imports=[('re', 0, 0, -1), ('struct', 0, 0, -1), ('binascii', 0, 0, -1), ('sys', 1, 0, -1), ('getopt', 1, 0, -1)] binaries=[] datas=[]>
binascii: None -> <Module binascii /System/Library/Frameworks/Python.framework/Versions/2.7/lib/python2.7/lib-dynload/binascii.so imports=[] binaries=[] datas=[]>
getopt: None -> <Module getopt /System/Library/Frameworks/Python.framework/Versions/2.7/lib/python2.7/getopt.pyc imports=[('os', 0, 0, -1), ('sys', 0, 1, -1)] binaries=[] datas=[]>
encodings._codecs_tw: None -> None
_codecs_tw: None -> <Module _codecs_tw /System/Library/Frameworks/Python.framework/Versions/2.7/lib/python2.7/lib-dynload/_codecs_tw.so imports=[] binaries=[] datas=[]>
encodings._multibytecodec: None -> None
_multibytecodec: None -> <Module _multibytecodec /System/Library/Frameworks/Python.framework/Versions/2.7/lib/python2.7/lib-dynload/_multibytecodec.so imports=[] binaries=[] datas=[]>
encodings._codecs_hk: None -> None
_codecs_hk: None -> <Module _codecs_hk /System/Library/Frameworks/Python.framework/Versions/2.7/lib/python2.7/lib-dynload/_codecs_hk.so imports=[] binaries=[] datas=[]>
encodings.bz2: None -> None
bz2: None -> <Module bz2 /System/Library/Frameworks/Python.framework/Versions/2.7/lib/python2.7/lib-dynload/bz2.so imports=[] binaries=[] datas=[]>
encodings._codecs_jp: None -> None
_codecs_jp: None -> <Module _codecs_jp /System/Library/Frameworks/Python.framework/Versions/2.7/lib/python2.7/lib-dynload/_codecs_jp.so imports=[] binaries=[] datas=[]>
encodings._codecs_kr: None -> None
_codecs_kr: None -> <Module _codecs_kr /System/Library/Frameworks/Python.framework/Versions/2.7/lib/python2.7/lib-dynload/_codecs_kr.so imports=[] binaries=[] datas=[]>
encodings._codecs_cn: None -> None
_codecs_cn: None -> <Module _codecs_cn /System/Library/Frameworks/Python.framework/Versions/2.7/lib/python2.7/lib-dynload/_codecs_cn.so imports=[] binaries=[] datas=[]>
encodings.binascii: None -> None
encodings.stringprep: None -> None
stringprep: None -> <Module stringprep /System/Library/Frameworks/Python.framework/Versions/2.7/lib/python2.7/stringprep.pyc imports=[('unicodedata', 0, 0, -1), ('unicodedata.ucd_3_2_0', 0, 0, -1)] binaries=[] datas=[]>
encodings.re: None -> None
encodings.unicodedata: None -> None
unicodedata: None -> <Module unicodedata /System/Library/Frameworks/Python.framework/Versions/2.7/lib/python2.7/lib-dynload/unicodedata.so imports=[] binaries=[] datas=[]>
encodings._codecs_iso2022: None -> None
_codecs_iso2022: None -> <Module _codecs_iso2022 /System/Library/Frameworks/Python.framework/Versions/2.7/lib/python2.7/lib-dynload/_codecs_iso2022.so imports=[] binaries=[] datas=[]>
encodings.quopri: None -> None
quopri: None -> <Module quopri /System/Library/Frameworks/Python.framework/Versions/2.7/lib/python2.7/quopri.pyc imports=[('binascii', 0, 0, -1), ('binascii.a2b_qp', 0, 0, -1), ('binascii.b2a_qp', 0, 0, -1), ('cStringIO', 1, 0, -1), ('cStringIO.StringIO', 1, 0, -1), ('cStringIO', 1, 0, -1), ('cStringIO.StringIO', 1, 0, -1), ('sys', 1, 0, -1), ('getopt', 1, 0, -1)] binaries=[] datas=[]>
encodings.cStringIO: None -> None
cStringIO: None -> <Module cStringIO /System/Library/Frameworks/Python.framework/Versions/2.7/lib/python2.7/lib-dynload/cStringIO.so imports=[] binaries=[] datas=[]>
encodings.StringIO: None -> None
StringIO: None -> <Module StringIO /System/Library/Frameworks/Python.framework/Versions/2.7/lib/python2.7/StringIO.pyc imports=[('errno', 0, 0, -1), ('errno.EINVAL', 0, 0, -1), ('sys', 1, 0, -1)] binaries=[] datas=[]>
encodings.sys: None -> None
encodings.zlib: None -> None
_functools: None -> <Module _functools /System/Library/Frameworks/Python.framework/Versions/2.7/lib/python2.7/lib-dynload/_functools.so imports=[] binaries=[] datas=[]>
optparse: None -> <Module optparse /System/Library/Frameworks/Python.framework/Versions/2.7/lib/python2.7/optparse.pyc imports=[('sys', 0, 0, -1), ('os', 0, 0, -1), ('types', 0, 0, -1), ('textwrap', 0, 0, -1), ('gettext', 0, 0, -1), ('gettext.gettext', 0, 0, -1), ('__builtin__', 1, 1, -1)] binaries=[] datas=[]>
textwrap: None -> <Module textwrap /System/Library/Frameworks/Python.framework/Versions/2.7/lib/python2.7/textwrap.pyc imports=[('string', 0, 0, -1), ('re', 0, 0, -1)] binaries=[] datas=[]>
gettext: None -> <Module gettext /System/Library/Frameworks/Python.framework/Versions/2.7/lib/python2.7/gettext.pyc imports=[('locale', 0, 0, -1), ('copy', 0, 0, -1), ('os', 0, 0, -1), ('re', 0, 0, -1), ('struct', 0, 0, -1), ('sys', 0, 0, -1), ('errno', 0, 0, -1), ('errno.ENOENT', 0, 0, -1), ('cStringIO', 1, 0, -1), ('cStringIO.StringIO', 1, 0, -1), ('StringIO', 1, 1, -1), ('StringIO.StringIO', 1, 1, -1), ('token', 1, 0, -1), ('tokenize', 1, 0, -1), ('locale', 1, 0, -1), ('locale.normalize', 1, 0, -1), ('__builtin__', 1, 0, -1)] binaries=[] datas=[]>
token: None -> <Module token /System/Library/Frameworks/Python.framework/Versions/2.7/lib/python2.7/token.pyc imports=[('re', 1, 0, -1), ('sys', 1, 0, -1)] binaries=[] datas=[]>
tokenize: None -> <Module tokenize /System/Library/Frameworks/Python.framework/Versions/2.7/lib/python2.7/tokenize.pyc imports=[('string', 0, 0, -1), ('re', 0, 0, -1), ('token', 0, 0, -1), ('token.*', 0, 0, -1), ('token', 0, 0, -1), ('sys', 0, 1, -1)] binaries=[] datas=[]>
_collections: None -> <Module _collections /System/Library/Frameworks/Python.framework/Versions/2.7/lib/python2.7/lib-dynload/_collections.so imports=[] binaries=[] datas=[]>
keyword: None -> <Module keyword /System/Library/Frameworks/Python.framework/Versions/2.7/lib/python2.7/keyword.pyc imports=[('sys', 1, 0, -1), ('re', 1, 0, -1)] binaries=[] datas=[]>
heapq: None -> <Module heapq /System/Library/Frameworks/Python.framework/Versions/2.7/lib/python2.7/heapq.pyc imports=[('itertools', 0, 0, -1), ('itertools.islice', 0, 0, -1), ('itertools.repeat', 0, 0, -1), ('itertools.count', 0, 0, -1), ('itertools.imap', 0, 0, -1), ('itertools.izip', 0, 0, -1), ('itertools.tee', 0, 0, -1), ('itertools.chain', 0, 0, -1), ('operator', 0, 0, -1), ('operator.itemgetter', 0, 0, -1), ('bisect', 0, 0, -1), ('_heapq', 0, 0, -1), ('_heapq.*', 0, 0, -1), ('doctest', 0, 1, -1)] binaries=[] datas=[]>
cPickle: None -> <Module cPickle /System/Library/Frameworks/Python.framework/Versions/2.7/lib/python2.7/lib-dynload/cPickle.so imports=[] binaries=[] datas=[]>
doctest: None -> <Module doctest /System/Library/Frameworks/Python.framework/Versions/2.7/lib/python2.7/doctest.pyc imports=[('__future__', 0, 0, -1), ('sys', 0, 0, -1), ('traceback', 0, 0, -1), ('inspect', 0, 0, -1), ('linecache', 0, 0, -1), ('os', 0, 0, -1), ('re', 0, 0, -1), ('unittest', 0, 0, -1), ('difflib', 0, 0, -1), ('pdb', 0, 0, -1), ('tempfile', 0, 0, -1), ('warnings', 0, 0, -1), ('StringIO', 0, 0, -1), ('StringIO.StringIO', 0, 0, -1), ('collections', 0, 0, -1), ('collections.namedtuple', 0, 0, -1), ('types', 1, 0, -1), ('types', 1, 0, -1), ('pdb', 1, 0, -1)] binaries=[] datas=[]>
bisect: None -> <Module bisect /System/Library/Frameworks/Python.framework/Versions/2.7/lib/python2.7/bisect.pyc imports=[('_bisect', 0, 0, -1), ('_bisect.*', 0, 0, -1)] binaries=[] datas=[]>
_heapq: None -> <Module _heapq /System/Library/Frameworks/Python.framework/Versions/2.7/lib/python2.7/lib-dynload/_heapq.so imports=[] binaries=[] datas=[]>
_bisect: None -> <Module _bisect /System/Library/Frameworks/Python.framework/Versions/2.7/lib/python2.7/lib-dynload/_bisect.so imports=[] binaries=[] datas=[]>
__future__: None -> <Module __future__ /System/Library/Frameworks/Python.framework/Versions/2.7/lib/python2.7/__future__.pyc imports=[] binaries=[] datas=[]>
inspect: None -> <Module inspect /System/Library/Frameworks/Python.framework/Versions/2.7/lib/python2.7/inspect.pyc imports=[('sys', 0, 0, -1), ('os', 0, 0, -1), ('types', 0, 0, -1), ('string', 0, 0, -1), ('re', 0, 0, -1), ('dis', 0, 0, -1), ('imp', 0, 0, -1), ('tokenize', 0, 0, -1), ('linecache', 0, 0, -1), ('operator', 0, 0, -1), ('operator.attrgetter', 0, 0, -1), ('collections', 0, 0, -1), ('collections.namedtuple', 0, 0, -1)] binaries=[] datas=[]>
unittest: None -> <Module unittest /System/Library/Frameworks/Python.framework/Versions/2.7/lib/python2.7/unittest/__init__.pyc imports=[('result', 0, 0, 1), ('result.TestResult', 0, 0, 1), ('case', 0, 0, 1), ('case.TestCase', 0, 0, 1), ('case.FunctionTestCase', 0, 0, 1), ('case.SkipTest', 0, 0, 1), ('case.skip', 0, 0, 1), ('case.skipIf', 0, 0, 1), ('case.skipUnless', 0, 0, 1), ('case.expectedFailure', 0, 0, 1), ('suite', 0, 0, 1), ('suite.BaseTestSuite', 0, 0, 1), ('suite.TestSuite', 0, 0, 1), ('loader', 0, 0, 1), ('loader.TestLoader', 0, 0, 1), ('loader.defaultTestLoader', 0, 0, 1), ('loader.makeSuite', 0, 0, 1), ('loader.getTestCaseNames', 0, 0, 1), ('loader.findTestCases', 0, 0, 1), ('main', 0, 0, 1), ('main.TestProgram', 0, 0, 1), ('main.main', 0, 0, 1), ('runner', 0, 0, 1), ('runner.TextTestRunner', 0, 0, 1), ('runner.TextTestResult', 0, 0, 1), ('signals', 0, 0, 1), ('signals.installHandler', 0, 0, 1), ('signals.registerResult', 0, 0, 1), ('signals.removeResult', 0, 0, 1), ('signals.removeHandler', 0, 0, 1)] binaries=[] datas=[]>
difflib: None -> <Module difflib /System/Library/Frameworks/Python.framework/Versions/2.7/lib/python2.7/difflib.pyc imports=[('heapq', 0, 0, -1), ('collections', 0, 0, -1), ('collections.namedtuple', 0, 0, -1), ('functools', 0, 0, -1), ('functools.reduce', 0, 0, -1), ('re', 0, 0, -1), ('re', 1, 0, -1), ('doctest', 1, 0, -1), ('difflib', 1, 0, -1)] binaries=[] datas=[]>
pdb: None -> <Module pdb /System/Library/Frameworks/Python.framework/Versions/2.7/lib/python2.7/pdb.pyc imports=[('sys', 0, 0, -1), ('linecache', 0, 0, -1), ('cmd', 0, 0, -1), ('bdb', 0, 0, -1), ('repr', 0, 0, -1), ('repr.Repr', 0, 0, -1), ('os', 0, 0, -1), ('re', 0, 0, -1), ('pprint', 0, 0, -1), ('traceback', 0, 0, -1), ('pdb', 0, 1, -1), ('readline', 1, 0, -1), ('shlex', 1, 1, -1), ('__main__', 1, 0, -1)] binaries=[] datas=[]>
tempfile: None -> <Module tempfile /System/Library/Frameworks/Python.framework/Versions/2.7/lib/python2.7/tempfile.pyc imports=[('os', 0, 0, -1), ('errno', 0, 0, -1), ('random', 0, 0, -1), ('random.Random', 0, 0, -1), ('cStringIO', 0, 0, -1), ('cStringIO.StringIO', 0, 0, -1), ('StringIO', 0, 1, -1), ('StringIO.StringIO', 0, 1, -1), ('fcntl', 0, 0, -1), ('thread', 0, 0, -1), ('dummy_thread', 0, 1, -1)] binaries=[] datas=[]>
dis: None -> <Module dis /System/Library/Frameworks/Python.framework/Versions/2.7/lib/python2.7/dis.pyc imports=[('sys', 0, 0, -1), ('types', 0, 0, -1), ('opcode', 0, 0, -1), ('opcode.*', 0, 0, -1), ('opcode', 0, 0, -1), ('opcode.__all__', 0, 0, -1)] binaries=[] datas=[]>
opcode: None -> <Module opcode /System/Library/Frameworks/Python.framework/Versions/2.7/lib/python2.7/opcode.pyc imports=[] binaries=[] datas=[]>
unittest.result: None -> <Module unittest.result /System/Library/Frameworks/Python.framework/Versions/2.7/lib/python2.7/unittest/result.pyc imports=[('os', 0, 0, -1), ('sys', 0, 0, -1), ('traceback', 0, 0, -1), ('StringIO', 0, 0, -1), ('StringIO.StringIO', 0, 0, -1), ('', 0, 0, 1), ('util', 0, 0, 1), ('functools', 0, 0, -1), ('functools.wraps', 0, 0, -1)] binaries=[] datas=[]>
unittest.case: None -> <Module unittest.case /System/Library/Frameworks/Python.framework/Versions/2.7/lib/python2.7/unittest/case.pyc imports=[('sys', 0, 0, -1), ('functools', 0, 0, -1), ('difflib', 0, 0, -1), ('pprint', 0, 0, -1), ('re', 0, 0, -1), ('warnings', 0, 0, -1), ('', 0, 0, 1), ('result', 0, 0, 1), ('util', 0, 0, 1), ('util.strclass', 0, 0, 1), ('util.safe_repr', 0, 0, 1), ('util.sorted_list_difference', 0, 0, 1), ('util.unorderable_list_difference', 0, 0, 1)] binaries=[] datas=[]>
unittest.suite: None -> <Module unittest.suite /System/Library/Frameworks/Python.framework/Versions/2.7/lib/python2.7/unittest/suite.pyc imports=[('sys', 0, 0, -1), ('', 0, 0, 1), ('case', 0, 0, 1), ('', 0, 0, 1), ('util', 0, 0, 1)] binaries=[] datas=[]>
unittest.loader: None -> <Module unittest.loader /System/Library/Frameworks/Python.framework/Versions/2.7/lib/python2.7/unittest/loader.pyc imports=[('os', 0, 0, -1), ('re', 0, 0, -1), ('sys', 0, 0, -1), ('traceback', 0, 0, -1), ('types', 0, 0, -1), ('functools', 0, 0, -1), ('functools.cmp_to_key', 0, 0, -1), ('fnmatch', 0, 0, -1), ('fnmatch.fnmatch', 0, 0, -1), ('', 0, 0, 1), ('case', 0, 0, 1), ('suite', 0, 0, 1)] binaries=[] datas=[]>
unittest.main: None -> <Module unittest.main /System/Library/Frameworks/Python.framework/Versions/2.7/lib/python2.7/unittest/main.pyc imports=[('sys', 0, 0, -1), ('os', 0, 0, -1), ('types', 0, 0, -1), ('', 0, 0, 1), ('loader', 0, 0, 1), ('runner', 0, 0, 1), ('signals', 0, 0, 1), ('signals.installHandler', 0, 0, 1), ('getopt', 1, 0, -1), ('optparse', 1, 0, -1)] binaries=[] datas=[]>
unittest.runner: None -> <Module unittest.runner /System/Library/Frameworks/Python.framework/Versions/2.7/lib/python2.7/unittest/runner.pyc imports=[('sys', 0, 0, -1), ('time', 0, 0, -1), ('', 0, 0, 1), ('result', 0, 0, 1), ('signals', 0, 0, 1), ('signals.registerResult', 0, 0, 1)] binaries=[] datas=[]>
unittest.signals: None -> <Module unittest.signals /System/Library/Frameworks/Python.framework/Versions/2.7/lib/python2.7/unittest/signals.pyc imports=[('signal', 0, 0, -1), ('weakref', 0, 0, -1), ('functools', 0, 0, -1), ('functools.wraps', 0, 0, -1)] binaries=[] datas=[]>
unittest.os: None -> None
unittest.sys: None -> None
unittest.traceback: None -> None
unittest.StringIO: None -> None
unittest.util: None -> <Module unittest.util /System/Library/Frameworks/Python.framework/Versions/2.7/lib/python2.7/unittest/util.pyc imports=[] binaries=[] datas=[]>
unittest.functools: None -> None
unittest.difflib: None -> None
unittest.pprint: None -> None
pprint: None -> <Module pprint /System/Library/Frameworks/Python.framework/Versions/2.7/lib/python2.7/pprint.pyc imports=[('sys', 0, 0, -1), ('warnings', 0, 0, -1), ('cStringIO', 0, 0, -1), ('cStringIO.StringIO', 0, 0, -1), ('time', 1, 0, -1)] binaries=[] datas=[]>
unittest.re: None -> None
unittest.warnings: None -> None
unittest.types: None -> None
unittest.fnmatch: None -> None
fnmatch: None -> <Module fnmatch /System/Library/Frameworks/Python.framework/Versions/2.7/lib/python2.7/fnmatch.pyc imports=[('re', 0, 0, -1), ('os', 1, 0, -1), ('os', 1, 0, -1), ('posixpath', 1, 0, -1)] binaries=[] datas=[]>
unittest.getopt: None -> None
unittest.optparse: None -> None
unittest.time: None -> None
unittest.signal: None -> None
unittest.weakref: None -> None
cmd: None -> <Module cmd /System/Library/Frameworks/Python.framework/Versions/2.7/lib/python2.7/cmd.pyc imports=[('string', 0, 0, -1), ('sys', 1, 0, -1), ('readline', 1, 1, -1), ('readline', 1, 1, -1), ('readline', 1, 1, -1)] binaries=[] datas=[]>
bdb: None -> <Module bdb /System/Library/Frameworks/Python.framework/Versions/2.7/lib/python2.7/bdb.pyc imports=[('fnmatch', 0, 0, -1), ('sys', 0, 0, -1), ('os', 0, 0, -1), ('types', 0, 0, -1), ('linecache', 1, 0, -1), ('linecache', 1, 0, -1), ('linecache', 1, 0, -1), ('repr', 1, 0, -1), ('__main__', 1, 1, -1), ('__main__', 1, 1, -1), ('linecache', 1, 0, -1)] binaries=[] datas=[]>
readline: None -> <Module readline /System/Library/Frameworks/Python.framework/Versions/2.7/lib/python2.7/lib-dynload/readline.so imports=[] binaries=[] datas=[]>
shlex: None -> <Module shlex /System/Library/Frameworks/Python.framework/Versions/2.7/lib/python2.7/shlex.pyc imports=[('os.path', 0, 0, -1), ('sys', 0, 0, -1), ('collections', 0, 0, -1), ('collections.deque', 0, 0, -1), ('cStringIO', 0, 0, -1), ('cStringIO.StringIO', 0, 0, -1), ('StringIO', 0, 1, -1), ('StringIO.StringIO', 0, 1, -1)] binaries=[] datas=[]>
math: None -> <Module math /System/Library/Frameworks/Python.framework/Versions/2.7/lib/python2.7/lib-dynload/math.so imports=[] binaries=[] datas=[]>
hashlib: None -> <Module hashlib /System/Library/Frameworks/Python.framework/Versions/2.7/lib/python2.7/hashlib.pyc imports=[('_hashlib', 0, 0, -1), ('logging', 0, 1, -1), ('_sha', 1, 1, -1), ('_md5', 1, 1, -1), ('_sha256', 1, 1, -1), ('_sha512', 1, 1, -1)] binaries=[] datas=[]>
_random: None -> <Module _random /System/Library/Frameworks/Python.framework/Versions/2.7/lib/python2.7/lib-dynload/_random.so imports=[] binaries=[] datas=[]>
_hashlib: None -> <Module _hashlib /System/Library/Frameworks/Python.framework/Versions/2.7/lib/python2.7/lib-dynload/_hashlib.so imports=[] binaries=[] datas=[]>
logging: None -> <Module logging /System/Library/Frameworks/Python.framework/Versions/2.7/lib/python2.7/logging/__init__.pyc imports=[('sys', 0, 0, -1), ('os', 0, 0, -1), ('time', 0, 0, -1), ('cStringIO', 0, 0, -1), ('traceback', 0, 0, -1), ('warnings', 0, 0, -1), ('weakref', 0, 0, -1), ('codecs', 0, 0, -1), ('thread', 0, 0, -1), ('threading', 0, 0, -1), ('atexit', 0, 0, -1)] binaries=[] datas=[]>
_sha: None -> None
  DEL _sha
_md5: None -> None
  DEL _md5
_sha256: None -> None
  DEL _sha256
_sha512: None -> None
  DEL _sha512
logging.sys: None -> None
logging.os: None -> None
logging.time: None -> None
logging.cStringIO: None -> None
logging.traceback: None -> None
logging.warnings: None -> None
logging.weakref: None -> None
logging.codecs: None -> None
logging.thread: None -> None
logging.threading: None -> None
logging.atexit: None -> None
atexit: None -> <Module atexit /System/Library/Frameworks/Python.framework/Versions/2.7/lib/python2.7/atexit.pyc imports=[('sys', 0, 0, -1), ('traceback', 1, 1, -1)] binaries=[] datas=[]>
org: None -> None
  DEL org
org: None -> None
  DEL org
__main__: <Module __main__ /Users/samuel/Downloads/pyinstaller-1.5.1/support/_mountzlib.py imports=[('archive', 0, 0, -1), ('iu', 0, 0, -1), ('sys', 0, 0, -1)] binaries=[] datas=[]> -> <Module __main__ /Users/samuel/Downloads/pyinstaller-1.5.1/support/useUnicode.py imports=[('encodings', 0, 0, -1)] binaries=[] datas=[]>
_emx_link: None -> None
  DEL _emx_link
_emx_link: None -> None
  DEL _emx_link
nt: None -> None
  DEL nt
nt: None -> None
  DEL nt
org: None -> None
  DEL org
org: None -> None
  DEL org
msvcrt: None -> None
  DEL msvcrt
_subprocess: None -> None
  DEL _subprocess
_subprocess: None -> None
  DEL _subprocess
_subprocess: None -> None
  DEL _subprocess
_subprocess: None -> None
  DEL _subprocess
_sha: None -> None
  DEL _sha
_md5: None -> None
  DEL _md5
_sha256: None -> None
  DEL _sha256
_sha512: None -> None
  DEL _sha512
org: None -> None
  DEL org
org: None -> None
  DEL org
__main__: <Module __main__ /Users/samuel/Downloads/pyinstaller-1.5.1/support/useUnicode.py imports=[('encodings', 0, 0, -1)] binaries=[] datas=[]> -> <Module __main__ anachro.py imports=[('fabulous.color', 0, 0, -1), ('anachronos.player', 0, 0, -1), ('anachronos.player.Player', 0, 0, -1), ('anachronos.logic', 0, 0, -1), ('anachronos.map', 0, 0, -1), ('anachronos.map.MapGenerator', 0, 0, -1), ('anachronos.map.Map', 0, 0, -1), ('anachronos.game', 0, 0, -1), ('anachronos.game.GameState', 0, 0, -1), ('anachronos.game', 0, 0, -1), ('sys', 0, 0, -1)] binaries=[] datas=[]>
fabulous: None -> <Module fabulous /Library/Python/2.7/site-packages/fabulous/__init__.pyc imports=[] binaries=[] datas=[]>
fabulous.color: None -> <Module fabulous.color /Library/Python/2.7/site-packages/fabulous/color.pyc imports=[('sys', 0, 0, -1), ('functools', 0, 0, -1), ('fabulous', 0, 0, -1), ('fabulous.utils', 0, 0, -1), ('fabulous.xterm256', 0, 0, -1), ('grapefruit', 0, 0, -1)] binaries=[] datas=[]>
anachronos: None -> <Module anachronos /Users/samuel/anacronos/anachronos/__init__.pyc imports=[] binaries=[] datas=[]>
anachronos.player: None -> <Module anachronos.player /Users/samuel/anacronos/anachronos/player.pyc imports=[] binaries=[] datas=[]>
anachronos.logic: None -> <Module anachronos.logic /Users/samuel/anacronos/anachronos/logic.pyc imports=[('math', 1, 0, -1), ('math', 1, 0, -1), ('os', 1, 0, -1), ('sys', 1, 0, -1), ('operator', 1, 0, -1)] binaries=[] datas=[]>
anachronos.map: None -> <Module anachronos.map /Users/samuel/anacronos/anachronos/map.pyc imports=[('fabulous.color', 0, 0, -1), ('random', 0, 0, -1), ('sys', 0, 0, -1)] binaries=[] datas=[]>
anachronos.game: None -> <Module anachronos.game /Users/samuel/anacronos/anachronos/game.pyc imports=[('logic', 0, 0, -1), ('unit', 0, 0, -1), ('copy', 0, 0, -1), ('fabulous', 0, 0, -1), ('copy', 0, 0, -1), ('copy.deepcopy', 0, 0, -1), ('collections', 0, 0, -1), ('collections.deque', 0, 0, -1), ('os', 1, 0, -1)] binaries=[] datas=[]>
fabulous.sys: None -> None
fabulous.functools: None -> None
fabulous.fabulous: None -> None
fabulous.utils: None -> <Module fabulous.utils /Library/Python/2.7/site-packages/fabulous/utils.pyc imports=[('os', 0, 0, -1), ('sys', 0, 0, -1), ('fcntl', 0, 0, -1), ('struct', 0, 0, -1), ('termios', 0, 0, -1), ('textwrap', 0, 0, -1), ('functools', 0, 0, -1), ('grapefruit', 0, 0, -1), ('PIL', 1, 0, -1)] binaries=[] datas=[]>
fabulous.xterm256: None -> <Module fabulous.xterm256 /Library/Python/2.7/site-packages/fabulous/xterm256.pyc imports=[('logging', 0, 0, -1), ('os', 1, 0, -1), ('ctypes', 1, 0, -1), ('os.path', 1, 0, -1), ('os.path.join', 1, 0, -1), ('os.path.dirname', 1, 0, -1), ('os.path.getmtime', 1, 0, -1), ('os.path.exists', 1, 0, -1), ('os.path.expanduser', 1, 0, -1)] binaries=[] datas=[]>
fabulous.grapefruit: None -> None
grapefruit: None -> <Module grapefruit /Library/Python/2.7/site-packages/grapefruit.pyc imports=[('doctest', 1, 0, -1)] binaries=[] datas=[]>
fabulous.os: None -> None
fabulous.fcntl: None -> None
fabulous.struct: None -> None
fabulous.termios: None -> None
termios: None -> <Module termios /System/Library/Frameworks/Python.framework/Versions/2.7/lib/python2.7/lib-dynload/termios.so imports=[] binaries=[] datas=[]>
fabulous.textwrap: None -> None
fabulous.PIL: None -> None
PIL: None -> None
  DEL PIL
_emx_link: None -> None
  DEL _emx_link
_emx_link: None -> None
  DEL _emx_link
nt: None -> None
  DEL nt
nt: None -> None
  DEL nt
org: None -> None
  DEL org
org: None -> None
  DEL org
msvcrt: None -> None
  DEL msvcrt
_subprocess: None -> None
  DEL _subprocess
_subprocess: None -> None
  DEL _subprocess
_subprocess: None -> None
  DEL _subprocess
_subprocess: None -> None
  DEL _subprocess
_sha: None -> None
  DEL _sha
_md5: None -> None
  DEL _md5
_sha256: None -> None
  DEL _sha256
_sha512: None -> None
  DEL _sha512
org: None -> None
  DEL org
org: None -> None
  DEL org
fabulous.logging: None -> None
fabulous.ctypes: None -> None
ctypes: None -> <Module ctypes /System/Library/Frameworks/Python.framework/Versions/2.7/lib/python2.7/ctypes/__init__.pyc imports=[('os', 0, 0, -1), ('sys', 0, 0, -1), ('_ctypes', 0, 0, -1), ('_ctypes.Union', 0, 0, -1), ('_ctypes.Structure', 0, 0, -1), ('_ctypes.Array', 0, 0, -1), ('_ctypes', 0, 0, -1), ('_ctypes._Pointer', 0, 0, -1), ('_ctypes', 0, 0, -1), ('_ctypes.CFuncPtr', 0, 0, -1), ('_ctypes', 0, 0, -1), ('_ctypes.__version__', 0, 0, -1), ('_ctypes', 0, 0, -1), ('_ctypes.RTLD_LOCAL', 0, 0, -1), ('_ctypes.RTLD_GLOBAL', 0, 0, -1), ('_ctypes', 0, 0, -1), ('_ctypes.ArgumentError', 0, 0, -1), ('struct', 0, 0, -1), ('struct.calcsize', 0, 0, -1), ('_ctypes', 0, 1, -1), ('_ctypes.FormatError', 0, 1, -1), ('_ctypes', 0, 0, -1), ('_ctypes.FUNCFLAG_CDECL', 0, 0, -1), ('_ctypes.FUNCFLAG_PYTHONAPI', 0, 0, -1), ('_ctypes.FUNCFLAG_USE_ERRNO', 0, 0, -1), ('_ctypes.FUNCFLAG_USE_LASTERROR', 0, 0, -1), ('_ctypes', 0, 1, -1), ('_ctypes.LoadLibrary', 0, 1, -1), ('_ctypes', 0, 1, -1), ('_ctypes.FUNCFLAG_STDCALL', 0, 1, -1), ('_ctypes', 0, 1, -1), ('_ctypes.dlopen', 0, 1, -1), ('_ctypes', 0, 0, -1), ('_ctypes.sizeof', 0, 0, -1), ('_ctypes.byref', 0, 0, -1), ('_ctypes.addressof', 0, 0, -1), ('_ctypes.alignment', 0, 0, -1), ('_ctypes.resize', 0, 0, -1), ('_ctypes', 0, 0, -1), ('_ctypes.get_errno', 0, 0, -1), ('_ctypes.set_errno', 0, 0, -1), ('_ctypes', 0, 0, -1), ('_ctypes._SimpleCData', 0, 0, -1), ('_ctypes', 0, 0, -1), ('_ctypes.POINTER', 0, 0, -1), ('_ctypes.pointer', 0, 0, -1), ('_ctypes._pointer_type_cache', 0, 0, -1), ('_ctypes', 0, 0, -1), ('_ctypes.set_conversion_mode', 0, 0, -1), ('_ctypes', 0, 1, -1), ('_ctypes._check_HRESULT', 0, 1, -1), ('_ctypes._SimpleCData', 0, 1, -1), ('_ctypes', 0, 1, -1), ('_ctypes.get_last_error', 0, 1, -1), ('_ctypes.set_last_error', 0, 1, -1), ('_ctypes', 0, 0, -1), ('_ctypes._memmove_addr', 0, 0, -1), ('_ctypes._memset_addr', 0, 0, -1), ('_ctypes._string_at_addr', 0, 0, -1), ('_ctypes._cast_addr', 0, 0, -1), ('_ctypes', 0, 0, -1), ('_ctypes._wstring_at_addr', 0, 0, -1), ('ctypes._endian', 0, 0, -1), ('ctypes._endian.BigEndianStructure', 0, 0, -1), ('ctypes._endian.LittleEndianStructure', 0, 0, -1), ('struct', 1, 0, -1), ('struct.calcsize', 1, 0, -1)] binaries=[] datas=[]>
ctypes.os: None -> None
ctypes.sys: None -> None
ctypes._ctypes: None -> None
_ctypes: None -> <Module _ctypes /System/Library/Frameworks/Python.framework/Versions/2.7/lib/python2.7/lib-dynload/_ctypes.so imports=[] binaries=[] datas=[]>
ctypes.struct: None -> None
ctypes.ctypes: None -> None
ctypes._endian: None -> <Module ctypes._endian /System/Library/Frameworks/Python.framework/Versions/2.7/lib/python2.7/ctypes/_endian.pyc imports=[('sys', 0, 0, -1), ('ctypes', 0, 0, -1), ('ctypes.*', 0, 0, -1)] binaries=[] datas=[]>
anachronos.math: None -> None
anachronos.os: None -> None
anachronos.sys: None -> None
anachronos.operator: None -> None
anachronos.fabulous: None -> None
anachronos.random: None -> None
anachronos.unit: None -> <Module anachronos.unit /Users/samuel/anacronos/anachronos/unit.pyc imports=[('logic', 0, 0, -1), ('logic.calculate_distance', 0, 0, -1), ('logic.get_adjacent_tiles', 0, 0, -1), ('logic.load_config', 0, 0, -1), ('fabulous.color', 0, 0, -1), ('logic', 0, 0, -1), ('random', 1, 0, -1)] binaries=[] datas=[]>
anachronos.copy: None -> None
anachronos.collections: None -> None
